Downloading data:   0%|          | 0.00/2.72M [00:00<?, ?B/s]Downloading data: 100%|██████████| 2.72M/2.72M [00:00<00:00, 48.8MB/s]
Generating train split:   0%|          | 0/204045 [00:00<?, ? examples/s]Generating train split:   0%|          | 1/204045 [00:00<6:59:08,  8.11 examples/s]Generating train split:   0%|          | 441/204045 [00:00<01:27, 2334.82 examples/s]Generating train split:   0%|          | 865/204045 [00:00<01:04, 3152.31 examples/s]Generating train split:   1%|          | 1220/204045 [00:00<02:11, 1540.44 examples/s]Generating train split:   1%|          | 1709/204045 [00:00<01:31, 2217.11 examples/s]Generating train split:   1%|          | 2176/204045 [00:00<01:12, 2766.11 examples/s]Generating train split:   1%|▏         | 2574/204045 [00:01<01:05, 3058.64 examples/s]Generating train split:   1%|▏         | 3046/204045 [00:01<00:57, 3484.09 examples/s]Generating train split:   2%|▏         | 3546/204045 [00:01<00:51, 3886.66 examples/s]Generating train split:   2%|▏         | 4000/204045 [00:01<00:49, 4040.43 examples/s]Generating train split:   2%|▏         | 4647/204045 [00:01<00:48, 4136.34 examples/s]Generating train split:   3%|▎         | 5118/204045 [00:01<00:46, 4283.93 examples/s]Generating train split:   3%|▎         | 5609/204045 [00:01<00:44, 4449.73 examples/s]Generating train split:   3%|▎         | 6308/204045 [00:01<00:44, 4399.53 examples/s]Generating train split:   3%|▎         | 6810/204045 [00:01<00:43, 4551.25 examples/s]Generating train split:   4%|▎         | 7276/204045 [00:02<00:43, 4575.98 examples/s]Generating train split:   4%|▍         | 7945/204045 [00:02<00:43, 4530.43 examples/s]Generating train split:   4%|▍         | 8413/204045 [00:02<00:42, 4563.58 examples/s]Generating train split:   4%|▍         | 8904/204045 [00:02<00:41, 4651.37 examples/s]Generating train split:   5%|▍         | 9541/204045 [00:02<00:43, 4500.24 examples/s]Generating train split:   5%|▍         | 10010/204045 [00:02<00:42, 4546.52 examples/s]Generating train split:   5%|▌         | 10505/204045 [00:02<00:41, 4652.25 examples/s]Generating train split:   5%|▌         | 11143/204045 [00:02<00:43, 4404.53 examples/s]Generating train split:   6%|▌         | 11631/204045 [00:03<00:42, 4523.67 examples/s]Generating train split:   6%|▌         | 12305/204045 [00:03<00:42, 4510.48 examples/s]Generating train split:   6%|▋         | 12940/204045 [00:03<00:43, 4413.29 examples/s]Generating train split:   7%|▋         | 13401/204045 [00:03<00:42, 4459.12 examples/s]Generating train split:   7%|▋         | 13887/204045 [00:03<00:41, 4557.25 examples/s]Generating train split:   7%|▋         | 14468/204045 [00:03<00:44, 4307.72 examples/s]Generating train split:   7%|▋         | 14966/204045 [00:03<00:42, 4475.23 examples/s]Generating train split:   8%|▊         | 15436/204045 [00:03<00:41, 4533.66 examples/s]Generating train split:   8%|▊         | 15919/204045 [00:03<00:42, 4422.56 examples/s]Generating train split:   8%|▊         | 16605/204045 [00:04<00:41, 4474.12 examples/s]Generating train split:   8%|▊         | 17082/204045 [00:04<00:41, 4544.69 examples/s]Generating train split:   9%|▊         | 17573/204045 [00:04<00:40, 4638.30 examples/s]Generating train split:   9%|▉         | 18249/204045 [00:04<00:41, 4526.80 examples/s]Generating train split:   9%|▉         | 18746/204045 [00:04<00:39, 4635.11 examples/s]Generating train split:   9%|▉         | 19383/204045 [00:04<00:41, 4493.45 examples/s]Generating train split:  10%|▉         | 19877/204045 [00:04<00:40, 4603.15 examples/s]Generating train split:  10%|▉         | 20348/204045 [00:04<00:39, 4625.77 examples/s]Generating train split:  10%|█         | 20836/204045 [00:05<00:39, 4694.10 examples/s]Generating train split:  11%|█         | 21488/204045 [00:05<00:40, 4489.08 examples/s]Generating train split:  11%|█         | 21982/204045 [00:05<00:39, 4602.80 examples/s]Generating train split:  11%|█         | 22639/204045 [00:05<00:45, 4023.07 examples/s]Generating train split:  11%|█▏        | 23083/204045 [00:05<00:43, 4116.83 examples/s]Generating train split:  12%|█▏        | 23585/204045 [00:05<00:41, 4339.46 examples/s]Generating train split:  12%|█▏        | 24060/204045 [00:05<00:40, 4440.75 examples/s]Generating train split:  12%|█▏        | 24708/204045 [00:05<00:40, 4393.96 examples/s]Generating train split:  12%|█▏        | 25171/204045 [00:06<00:40, 4453.93 examples/s]Generating train split:  13%|█▎        | 25676/204045 [00:06<00:38, 4609.07 examples/s]Generating train split:  13%|█▎        | 26279/204045 [00:06<00:40, 4392.11 examples/s]Generating train split:  13%|█▎        | 26775/204045 [00:06<00:39, 4536.39 examples/s]Generating train split:  13%|█▎        | 27425/204045 [00:06<00:39, 4462.01 examples/s]Generating train split:  14%|█▎        | 27905/204045 [00:06<00:40, 4380.18 examples/s]Generating train split:  14%|█▍        | 28584/204045 [00:06<00:39, 4425.87 examples/s]Generating train split:  14%|█▍        | 29052/204045 [00:06<00:38, 4487.24 examples/s]Generating train split:  15%|█▍        | 29716/204045 [00:07<00:39, 4459.39 examples/s]Generating train split:  15%|█▍        | 30173/204045 [00:07<00:38, 4483.96 examples/s]Generating train split:  15%|█▌        | 30670/204045 [00:07<00:37, 4607.72 examples/s]Generating train split:  15%|█▌        | 31277/204045 [00:07<00:39, 4401.75 examples/s]Generating train split:  16%|█▌        | 31770/204045 [00:07<00:38, 4532.07 examples/s]Generating train split:  16%|█▌        | 32237/204045 [00:07<00:38, 4489.61 examples/s]Generating train split:  16%|█▌        | 32736/204045 [00:07<00:37, 4619.37 examples/s]Generating train split:  16%|█▋        | 33304/204045 [00:07<00:39, 4311.44 examples/s]Generating train split:  17%|█▋        | 33810/204045 [00:07<00:37, 4497.61 examples/s]Generating train split:  17%|█▋        | 34277/204045 [00:08<00:37, 4542.77 examples/s]Generating train split:  17%|█▋        | 34953/204045 [00:08<00:38, 4439.20 examples/s]Generating train split:  17%|█▋        | 35411/204045 [00:08<00:37, 4474.10 examples/s]Generating train split:  18%|█▊        | 35910/204045 [00:08<00:36, 4604.86 examples/s]Generating train split:  18%|█▊        | 36484/204045 [00:08<00:38, 4317.97 examples/s]Generating train split:  18%|█▊        | 36959/204045 [00:08<00:37, 4427.89 examples/s]Generating train split:  18%|█▊        | 37440/204045 [00:08<00:36, 4524.39 examples/s]Generating train split:  19%|█▊        | 38073/204045 [00:08<00:37, 4410.58 examples/s]Generating train split:  19%|█▉        | 38564/204045 [00:09<00:36, 4537.26 examples/s]Generating train split:  19%|█▉        | 39026/204045 [00:09<00:36, 4555.98 examples/s]Generating train split:  19%|█▉        | 39729/204045 [00:09<00:36, 4554.55 examples/s]Generating train split:  20%|█▉        | 40196/204045 [00:09<00:35, 4577.95 examples/s]Generating train split:  20%|█▉        | 40684/204045 [00:09<00:35, 4657.32 examples/s]Generating train split:  20%|██        | 41293/204045 [00:09<00:36, 4437.19 examples/s]Generating train split:  20%|██        | 41783/204045 [00:09<00:35, 4554.82 examples/s]Generating train split:  21%|██        | 42250/204045 [00:09<00:35, 4584.98 examples/s]Generating train split:  21%|██        | 42739/204045 [00:09<00:34, 4667.78 examples/s]Generating train split:  21%|██▏       | 43380/204045 [00:10<00:35, 4518.81 examples/s]Generating train split:  22%|██▏       | 43877/204045 [00:10<00:34, 4635.77 examples/s]Generating train split:  22%|██▏       | 44557/204045 [00:10<00:35, 4484.97 examples/s]Generating train split:  22%|██▏       | 45252/204045 [00:10<00:35, 4529.13 examples/s]Generating train split:  22%|██▏       | 45746/204045 [00:10<00:34, 4625.45 examples/s]Generating train split:  23%|██▎       | 46372/204045 [00:10<00:35, 4469.57 examples/s]Generating train split:  23%|██▎       | 46873/204045 [00:10<00:34, 4598.13 examples/s]Generating train split:  23%|██▎       | 47342/204045 [00:10<00:33, 4619.64 examples/s]Generating train split:  23%|██▎       | 47833/204045 [00:11<00:33, 4696.72 examples/s]Generating train split:  24%|██▎       | 48459/204045 [00:11<00:34, 4500.72 examples/s]Generating train split:  24%|██▍       | 48968/204045 [00:11<00:33, 4651.71 examples/s]Generating train split:  24%|██▍       | 49449/204045 [00:11<00:32, 4688.21 examples/s]Generating train split:  25%|██▍       | 50090/204045 [00:11<00:34, 4472.16 examples/s]Generating train split:  25%|██▍       | 50591/204045 [00:11<00:33, 4605.36 examples/s]Generating train split:  25%|██▌       | 51063/204045 [00:11<00:33, 4634.80 examples/s]Generating train split:  25%|██▌       | 51704/204045 [00:11<00:33, 4500.26 examples/s]Generating train split:  26%|██▌       | 52170/204045 [00:12<00:33, 4538.04 examples/s]Generating train split:  26%|██▌       | 52665/204045 [00:12<00:32, 4647.54 examples/s]Generating train split:  26%|██▌       | 53351/204045 [00:12<00:33, 4449.38 examples/s]Generating train split:  26%|██▋       | 53853/204045 [00:12<00:32, 4590.81 examples/s]Generating train split:  27%|██▋       | 54565/204045 [00:12<00:32, 4641.51 examples/s]Generating train split:  27%|██▋       | 55179/204045 [00:12<00:33, 4456.81 examples/s]Generating train split:  27%|██▋       | 55672/204045 [00:12<00:32, 4566.10 examples/s]Generating train split:  28%|██▊       | 56385/204045 [00:12<00:31, 4625.28 examples/s]Generating train split:  28%|██▊       | 57021/204045 [00:13<00:32, 4495.67 examples/s]Generating train split:  28%|██▊       | 57514/204045 [00:13<00:31, 4598.29 examples/s]Generating train split:  28%|██▊       | 58000/204045 [00:13<00:31, 4642.85 examples/s]Generating train split:  29%|██▊       | 58479/204045 [00:13<00:31, 4566.50 examples/s]Generating train split:  29%|██▉       | 58970/204045 [00:13<00:31, 4657.98 examples/s]Generating train split:  29%|██▉       | 59678/204045 [00:13<00:30, 4676.37 examples/s]Generating train split:  30%|██▉       | 60334/204045 [00:13<00:32, 4432.30 examples/s]Generating train split:  30%|██▉       | 60809/204045 [00:13<00:31, 4506.56 examples/s]Generating train split:  30%|███       | 61509/204045 [00:14<00:31, 4551.47 examples/s]Generating train split:  30%|███       | 62160/204045 [00:14<00:31, 4476.85 examples/s]Generating train split:  31%|███       | 62639/204045 [00:14<00:31, 4547.41 examples/s]Generating train split:  31%|███       | 63107/204045 [00:14<00:30, 4577.20 examples/s]Generating train split:  31%|███       | 63693/204045 [00:14<00:33, 4251.89 examples/s]Generating train split:  31%|███▏      | 64151/204045 [00:14<00:32, 4328.53 examples/s]Generating train split:  32%|███▏      | 64654/204045 [00:14<00:30, 4508.10 examples/s]Generating train split:  32%|███▏      | 65303/204045 [00:14<00:32, 4280.31 examples/s]Generating train split:  32%|███▏      | 65793/204045 [00:15<00:31, 4430.31 examples/s]Generating train split:  32%|███▏      | 66274/204045 [00:15<00:30, 4528.07 examples/s]Generating train split:  33%|███▎      | 66935/204045 [00:15<00:30, 4481.03 examples/s]Generating train split:  33%|███▎      | 67395/204045 [00:15<00:30, 4509.80 examples/s]Generating train split:  33%|███▎      | 67895/204045 [00:15<00:29, 4634.52 examples/s]Generating train split:  34%|███▎      | 68556/204045 [00:15<00:30, 4434.10 examples/s]Generating train split:  34%|███▍      | 69040/204045 [00:15<00:29, 4528.60 examples/s]Generating train split:  34%|███▍      | 69530/204045 [00:15<00:29, 4625.07 examples/s]Generating train split:  34%|███▍      | 70000/204045 [00:15<00:29, 4607.68 examples/s]Generating train split:  35%|███▍      | 70674/204045 [00:16<00:29, 4563.11 examples/s]Generating train split:  35%|███▍      | 71347/204045 [00:16<00:29, 4534.94 examples/s]Generating train split:  35%|███▌      | 72000/204045 [00:16<00:29, 4423.50 examples/s]Generating train split:  36%|███▌      | 72491/204045 [00:16<00:28, 4536.99 examples/s]Generating train split:  36%|███▌      | 72979/204045 [00:16<00:28, 4621.44 examples/s]Generating train split:  36%|███▌      | 73606/204045 [00:16<00:29, 4455.45 examples/s]Generating train split:  36%|███▋      | 74082/204045 [00:16<00:28, 4530.93 examples/s]Generating train split:  37%|███▋      | 74584/204045 [00:16<00:27, 4657.05 examples/s]Generating train split:  37%|███▋      | 75060/204045 [00:17<00:27, 4680.89 examples/s]Generating train split:  37%|███▋      | 75683/204045 [00:17<00:28, 4482.74 examples/s]Generating train split:  37%|███▋      | 76145/204045 [00:17<00:28, 4516.03 examples/s]Generating train split:  38%|███▊      | 76637/204045 [00:17<00:27, 4619.12 examples/s]Generating train split:  38%|███▊      | 77273/204045 [00:17<00:28, 4476.59 examples/s]Generating train split:  38%|███▊      | 77774/204045 [00:17<00:27, 4612.58 examples/s]Generating train split:  38%|███▊      | 78246/204045 [00:17<00:27, 4590.50 examples/s]Generating train split:  39%|███▊      | 78936/204045 [00:17<00:27, 4468.64 examples/s]Generating train split:  39%|███▉      | 79632/204045 [00:18<00:27, 4522.97 examples/s]Generating train split:  39%|███▉      | 80095/204045 [00:18<00:27, 4546.44 examples/s]Generating train split:  40%|███▉      | 80764/204045 [00:18<00:27, 4515.11 examples/s]Generating train split:  40%|███▉      | 81246/204045 [00:18<00:27, 4543.99 examples/s]Generating train split:  40%|████      | 81745/204045 [00:18<00:26, 4656.75 examples/s]Generating train split:  40%|████      | 82245/204045 [00:20<02:07, 953.32 examples/s] Generating train split:  41%|████      | 82715/204045 [00:20<01:39, 1221.27 examples/s]Generating train split:  41%|████      | 83184/204045 [00:20<01:18, 1542.85 examples/s]Generating train split:  41%|████      | 83804/204045 [00:20<00:58, 2060.77 examples/s]Generating train split:  41%|████▏     | 84534/204045 [00:20<00:42, 2801.95 examples/s]Generating train split:  42%|████▏     | 85150/204045 [00:20<00:35, 3366.29 examples/s]Generating train split:  42%|████▏     | 85882/204045 [00:20<00:28, 4131.51 examples/s]Generating train split:  42%|████▏     | 86634/204045 [00:20<00:24, 4864.59 examples/s]Generating train split:  43%|████▎     | 87628/204045 [00:20<00:21, 5414.85 examples/s]Generating train split:  43%|████▎     | 88385/204045 [00:21<00:19, 5906.54 examples/s]Generating train split:  44%|████▍     | 89386/204045 [00:21<00:18, 6114.33 examples/s]Generating train split:  44%|████▍     | 90144/204045 [00:21<00:17, 6459.11 examples/s]Generating train split:  45%|████▍     | 91142/204045 [00:21<00:17, 6518.09 examples/s]Generating train split:  45%|████▌     | 91931/204045 [00:21<00:16, 6625.82 examples/s]Generating train split:  45%|████▌     | 92622/204045 [00:21<00:16, 6694.69 examples/s]Generating train split:  46%|████▌     | 93390/204045 [00:21<00:16, 6893.22 examples/s]Generating train split:  46%|████▌     | 94345/204045 [00:21<00:16, 6694.05 examples/s]Generating train split:  47%|████▋     | 95100/204045 [00:22<00:15, 6909.15 examples/s]Generating train split:  47%|████▋     | 96061/204045 [00:22<00:16, 6729.37 examples/s]Generating train split:  47%|████▋     | 96849/204045 [00:22<00:15, 7016.65 examples/s]Generating train split:  48%|████▊     | 97830/204045 [00:22<00:15, 6844.87 examples/s]Generating train split:  48%|████▊     | 98583/204045 [00:22<00:15, 7010.99 examples/s]Generating train split:  49%|████▉     | 99564/204045 [00:22<00:15, 6841.24 examples/s]Generating train split:  49%|████▉     | 100302/204045 [00:22<00:15, 6767.50 examples/s]Generating train split:  50%|████▉     | 101018/204045 [00:22<00:15, 6867.70 examples/s]Generating train split:  50%|████▉     | 101810/204045 [00:23<00:14, 7147.95 examples/s]Generating train split:  50%|█████     | 102769/204045 [00:23<00:14, 6865.29 examples/s]Generating train split:  51%|█████     | 103510/204045 [00:23<00:14, 7004.13 examples/s]Generating train split:  51%|█████     | 104497/204045 [00:23<00:14, 6847.29 examples/s]Generating train split:  52%|█████▏    | 105226/204045 [00:23<00:14, 6954.71 examples/s]Generating train split:  52%|█████▏    | 106185/204045 [00:23<00:14, 6749.53 examples/s]Generating train split:  52%|█████▏    | 106973/204045 [00:23<00:13, 7031.26 examples/s]Generating train split:  53%|█████▎    | 107994/204045 [00:23<00:13, 6946.31 examples/s]Generating train split:  53%|█████▎    | 108715/204045 [00:24<00:13, 6894.99 examples/s]Generating train split:  54%|█████▎    | 109426/204045 [00:24<00:13, 6948.40 examples/s]Generating train split:  54%|█████▍    | 110177/204045 [00:24<00:13, 7098.60 examples/s]Generating train split:  54%|█████▍    | 111196/204045 [00:24<00:13, 6984.21 examples/s]Generating train split:  55%|█████▍    | 111977/204045 [00:24<00:12, 7197.11 examples/s]Generating train split:  55%|█████▌    | 112919/204045 [00:24<00:13, 6867.27 examples/s]Generating train split:  56%|█████▌    | 113658/204045 [00:24<00:12, 6998.56 examples/s]Generating train split:  56%|█████▌    | 114660/204045 [00:24<00:12, 6882.30 examples/s]Generating train split:  57%|█████▋    | 115401/204045 [00:24<00:12, 6837.63 examples/s]Generating train split:  57%|█████▋    | 116099/204045 [00:25<00:12, 6873.35 examples/s]Generating train split:  57%|█████▋    | 116884/204045 [00:25<00:12, 7133.51 examples/s]Generating train split:  58%|█████▊    | 117876/204045 [00:25<00:12, 6936.18 examples/s]Generating train split:  58%|█████▊    | 118630/204045 [00:25<00:12, 7089.41 examples/s]Generating train split:  59%|█████▊    | 119609/204045 [00:25<00:12, 6881.79 examples/s]Generating train split:  59%|█████▉    | 120350/204045 [00:25<00:11, 7011.98 examples/s]Generating train split:  59%|█████▉    | 121328/204045 [00:25<00:12, 6836.04 examples/s]Generating train split:  60%|█████▉    | 122084/204045 [00:25<00:11, 7012.27 examples/s]Generating train split:  60%|██████    | 123115/204045 [00:26<00:11, 6960.11 examples/s]Generating train split:  61%|██████    | 124099/204045 [00:26<00:11, 6808.25 examples/s]Generating train split:  61%|██████    | 124875/204045 [00:26<00:11, 7033.94 examples/s]Generating train split:  62%|██████▏   | 125836/204045 [00:26<00:11, 6818.77 examples/s]Generating train split:  62%|██████▏   | 126592/204045 [00:26<00:11, 6995.34 examples/s]Generating train split:  63%|██████▎   | 127529/204045 [00:26<00:11, 6734.04 examples/s]Generating train split:  63%|██████▎   | 128271/204045 [00:26<00:10, 6902.23 examples/s]Generating train split:  63%|██████▎   | 129252/204045 [00:26<00:11, 6774.31 examples/s]Generating train split:  64%|██████▎   | 130002/204045 [00:27<00:10, 6952.42 examples/s]Generating train split:  64%|██████▍   | 130743/204045 [00:27<00:10, 6783.40 examples/s]Generating train split:  64%|██████▍   | 131504/204045 [00:27<00:10, 6999.50 examples/s]Generating train split:  65%|██████▍   | 132464/204045 [00:27<00:10, 6778.42 examples/s]Generating train split:  65%|██████▌   | 133205/204045 [00:27<00:10, 6933.74 examples/s]Generating train split:  66%|██████▌   | 134136/204045 [00:27<00:10, 6674.18 examples/s]Generating train split:  66%|██████▌   | 134934/204045 [00:27<00:09, 6999.51 examples/s]Generating train split:  67%|██████▋   | 135947/204045 [00:27<00:09, 6908.48 examples/s]Generating train split:  67%|██████▋   | 136687/204045 [00:28<00:09, 7027.91 examples/s]Generating train split:  67%|██████▋   | 137649/204045 [00:28<00:09, 6810.60 examples/s]Generating train split:  68%|██████▊   | 138411/204045 [00:28<00:09, 7010.22 examples/s]Generating train split:  68%|██████▊   | 139493/204045 [00:28<00:09, 6906.09 examples/s]Generating train split:  69%|██████▊   | 140259/204045 [00:28<00:08, 7088.25 examples/s]Generating train split:  69%|██████▉   | 141265/204045 [00:28<00:09, 6954.45 examples/s]Generating train split:  70%|██████▉   | 142027/204045 [00:28<00:08, 7115.00 examples/s]Generating train split:  70%|███████   | 143029/204045 [00:28<00:08, 6962.82 examples/s]Generating train split:  70%|███████   | 143829/204045 [00:29<00:08, 7217.16 examples/s]Generating train split:  71%|███████   | 144783/204045 [00:29<00:08, 6910.59 examples/s]Generating train split:  71%|███████▏  | 145536/204045 [00:29<00:08, 6792.20 examples/s]Generating train split:  72%|███████▏  | 146247/204045 [00:29<00:08, 6870.91 examples/s]Generating train split:  72%|███████▏  | 147011/204045 [00:29<00:08, 7071.08 examples/s]Generating train split:  73%|███████▎  | 148000/204045 [00:29<00:08, 6873.65 examples/s]Generating train split:  73%|███████▎  | 148800/204045 [00:29<00:07, 7157.87 examples/s]Generating train split:  73%|███████▎  | 149789/204045 [00:29<00:07, 6955.83 examples/s]Generating train split:  74%|███████▍  | 150537/204045 [00:30<00:07, 7084.98 examples/s]Generating train split:  74%|███████▍  | 151496/204045 [00:30<00:07, 6835.43 examples/s]Generating train split:  75%|███████▍  | 152236/204045 [00:30<00:07, 6973.76 examples/s]Generating train split:  75%|███████▌  | 153191/204045 [00:30<00:07, 6757.51 examples/s]Generating train split:  75%|███████▌  | 153899/204045 [00:30<00:07, 6689.66 examples/s]Generating train split:  76%|███████▌  | 154953/204045 [00:30<00:07, 6800.86 examples/s]Generating train split:  76%|███████▋  | 155924/204045 [00:30<00:07, 6689.85 examples/s]Generating train split:  77%|███████▋  | 156666/204045 [00:30<00:06, 6863.09 examples/s]Generating train split:  77%|███████▋  | 157663/204045 [00:31<00:06, 6784.56 examples/s]Generating train split:  78%|███████▊  | 158421/204045 [00:31<00:06, 6977.01 examples/s]Generating train split:  78%|███████▊  | 159404/204045 [00:31<00:06, 6828.24 examples/s]Generating train split:  78%|███████▊  | 160143/204045 [00:31<00:06, 6961.30 examples/s]Generating train split:  79%|███████▉  | 161109/204045 [00:31<00:06, 6778.57 examples/s]Generating train split:  79%|███████▉  | 161901/204045 [00:31<00:05, 7055.84 examples/s]Generating train split:  80%|███████▉  | 162976/204045 [00:31<00:05, 6875.24 examples/s]Generating train split:  80%|████████  | 163725/204045 [00:31<00:05, 7022.30 examples/s]Generating train split:  81%|████████  | 164724/204045 [00:32<00:05, 6895.54 examples/s]Generating train split:  81%|████████  | 165491/204045 [00:32<00:05, 7083.24 examples/s]Generating train split:  82%|████████▏ | 166452/204045 [00:32<00:05, 6846.01 examples/s]Generating train split:  82%|████████▏ | 167184/204045 [00:32<00:05, 6962.12 examples/s]Generating train split:  82%|████████▏ | 168146/204045 [00:32<00:05, 6767.44 examples/s]Generating train split:  83%|████████▎ | 168902/204045 [00:32<00:05, 6779.08 examples/s]Generating train split:  83%|████████▎ | 169625/204045 [00:32<00:04, 6891.04 examples/s]Generating train split:  84%|████████▎ | 170397/204045 [00:32<00:04, 7079.12 examples/s]Generating train split:  84%|████████▍ | 171404/204045 [00:33<00:04, 6943.00 examples/s]Generating train split:  84%|████████▍ | 172147/204045 [00:33<00:04, 7066.77 examples/s]Generating train split:  85%|████████▍ | 173128/204045 [00:33<00:04, 6872.36 examples/s]Generating train split:  85%|████████▌ | 173925/204045 [00:33<00:04, 7146.95 examples/s]Generating train split:  86%|████████▌ | 174949/204045 [00:33<00:04, 7029.53 examples/s]Generating train split:  86%|████████▌ | 175708/204045 [00:33<00:04, 6941.46 examples/s]Generating train split:  87%|████████▋ | 176798/204045 [00:33<00:03, 7048.96 examples/s]Generating train split:  87%|████████▋ | 177708/204045 [00:35<00:19, 1344.32 examples/s]Generating train split:  87%|████████▋ | 178463/204045 [00:35<00:14, 1709.00 examples/s]Generating train split:  88%|████████▊ | 179082/204045 [00:36<00:12, 2055.60 examples/s]Generating train split:  88%|████████▊ | 179811/204045 [00:36<00:09, 2576.81 examples/s]Generating train split:  88%|████████▊ | 180550/204045 [00:36<00:07, 3175.42 examples/s]Generating train split:  89%|████████▉ | 181508/204045 [00:36<00:05, 3850.81 examples/s]Generating train split:  89%|████████▉ | 182250/204045 [00:36<00:04, 4445.47 examples/s]Generating train split:  90%|████████▉ | 183237/204045 [00:36<00:04, 5005.12 examples/s]Generating train split:  90%|█████████ | 184000/204045 [00:36<00:03, 5508.17 examples/s]Generating train split:  91%|█████████ | 185000/204045 [00:36<00:03, 5829.60 examples/s]Generating train split:  91%|█████████ | 185697/204045 [00:36<00:03, 6054.62 examples/s]Generating train split:  91%|█████████▏| 186402/204045 [00:37<00:02, 6291.51 examples/s]Generating train split:  92%|█████████▏| 187168/204045 [00:37<00:02, 6633.91 examples/s]Generating train split:  92%|█████████▏| 188135/204045 [00:37<00:02, 6561.46 examples/s]Generating train split:  93%|█████████▎| 188934/204045 [00:37<00:02, 6917.13 examples/s]Generating train split:  93%|█████████▎| 189924/204045 [00:37<00:02, 6799.30 examples/s]Generating train split:  93%|█████████▎| 190676/204045 [00:37<00:01, 6976.10 examples/s]Generating train split:  94%|█████████▍| 191642/204045 [00:37<00:01, 6786.20 examples/s]Generating train split:  94%|█████████▍| 192359/204045 [00:37<00:01, 6722.24 examples/s]Generating train split:  95%|█████████▍| 193082/204045 [00:38<00:01, 6851.37 examples/s]Generating train split:  95%|█████████▌| 193880/204045 [00:38<00:01, 7151.75 examples/s]Generating train split:  96%|█████████▌| 194900/204045 [00:38<00:01, 7021.29 examples/s]Generating train split:  96%|█████████▌| 195652/204045 [00:38<00:01, 7149.43 examples/s]Generating train split:  96%|█████████▋| 196630/204045 [00:38<00:01, 6923.69 examples/s]Generating train split:  97%|█████████▋| 197394/204045 [00:38<00:00, 7085.04 examples/s]Generating train split:  97%|█████████▋| 198386/204045 [00:38<00:00, 6887.79 examples/s]Generating train split:  98%|█████████▊| 199109/204045 [00:38<00:00, 6787.34 examples/s]Generating train split:  98%|█████████▊| 199835/204045 [00:38<00:00, 6906.76 examples/s]Generating train split:  98%|█████████▊| 200597/204045 [00:39<00:00, 7097.83 examples/s]Generating train split:  99%|█████████▉| 201584/204045 [00:39<00:00, 6904.15 examples/s]Generating train split:  99%|█████████▉| 202341/204045 [00:39<00:00, 7069.15 examples/s]Generating train split: 100%|█████████▉| 203325/204045 [00:39<00:00, 6882.56 examples/s]Generating train split: 100%|██████████| 204045/204045 [00:40<00:00, 5077.76 examples/s]
Generating validation split:   0%|          | 0/11332 [00:00<?, ? examples/s]Generating validation split:   0%|          | 36/11332 [00:00<00:44, 253.54 examples/s]Generating validation split:   1%|          | 96/11332 [00:00<00:26, 422.53 examples/s]Generating validation split:   1%|▏         | 155/11332 [00:00<00:23, 482.12 examples/s]Generating validation split:   2%|▏         | 226/11332 [00:00<00:19, 565.48 examples/s]Generating validation split:   3%|▎         | 285/11332 [00:00<00:19, 571.77 examples/s]Generating validation split:   3%|▎         | 362/11332 [00:00<00:20, 544.70 examples/s]Generating validation split:   4%|▍         | 428/11332 [00:00<00:19, 566.35 examples/s]Generating validation split:   4%|▍         | 501/11332 [00:00<00:18, 599.46 examples/s]Generating validation split:   5%|▌         | 590/11332 [00:01<00:18, 588.38 examples/s]Generating validation split:   6%|▌         | 692/11332 [00:01<00:17, 601.48 examples/s]Generating validation split:   7%|▋         | 795/11332 [00:01<00:16, 620.98 examples/s]Generating validation split:   8%|▊         | 889/11332 [00:01<00:16, 619.81 examples/s]Generating validation split:   9%|▊         | 965/11332 [00:01<00:16, 647.24 examples/s]Generating validation split:   9%|▉         | 1049/11332 [00:01<00:16, 612.19 examples/s]Generating validation split:  10%|█         | 1144/11332 [00:01<00:16, 615.78 examples/s]Generating validation split:  11%|█         | 1235/11332 [00:02<00:16, 605.72 examples/s]Generating validation split:  12%|█▏        | 1309/11332 [00:02<00:17, 563.71 examples/s]Generating validation split:  12%|█▏        | 1368/11332 [00:02<00:17, 559.05 examples/s]Generating validation split:  13%|█▎        | 1431/11332 [00:02<00:17, 571.53 examples/s]Generating validation split:  13%|█▎        | 1492/11332 [00:02<00:16, 580.98 examples/s]Generating validation split:  14%|█▍        | 1582/11332 [00:02<00:16, 581.69 examples/s]Generating validation split:  15%|█▍        | 1654/11332 [00:02<00:17, 541.33 examples/s]Generating validation split:  15%|█▌        | 1711/11332 [00:02<00:17, 546.25 examples/s]Generating validation split:  16%|█▌        | 1783/11332 [00:03<00:16, 586.97 examples/s]Generating validation split:  17%|█▋        | 1874/11332 [00:03<00:15, 592.05 examples/s]Generating validation split:  17%|█▋        | 1935/11332 [00:03<00:16, 584.50 examples/s]Generating validation split:  18%|█▊        | 2009/11332 [00:03<00:15, 610.84 examples/s]Generating validation split:  18%|█▊        | 2086/11332 [00:03<00:14, 650.82 examples/s]Generating validation split:  19%|█▉        | 2179/11332 [00:03<00:14, 632.29 examples/s]Generating validation split:  20%|██        | 2269/11332 [00:03<00:14, 608.77 examples/s]Generating validation split:  21%|██        | 2346/11332 [00:03<00:14, 638.94 examples/s]Generating validation split:  21%|██▏       | 2434/11332 [00:04<00:14, 613.96 examples/s]Generating validation split:  22%|██▏       | 2501/11332 [00:04<00:14, 624.58 examples/s]Generating validation split:  23%|██▎       | 2580/11332 [00:04<00:13, 658.19 examples/s]Generating validation split:  24%|██▎       | 2684/11332 [00:04<00:13, 664.41 examples/s]Generating validation split:  24%|██▍       | 2764/11332 [00:04<00:13, 613.28 examples/s]Generating validation split:  25%|██▌       | 2842/11332 [00:04<00:14, 582.98 examples/s]Generating validation split:  26%|██▌       | 2905/11332 [00:04<00:14, 591.82 examples/s]Generating validation split:  26%|██▋       | 2982/11332 [00:05<00:14, 558.81 examples/s]Generating validation split:  27%|██▋       | 3069/11332 [00:05<00:14, 557.77 examples/s]Generating validation split:  28%|██▊       | 3133/11332 [00:05<00:14, 572.55 examples/s]Generating validation split:  28%|██▊       | 3204/11332 [00:05<00:13, 590.95 examples/s]Generating validation split:  29%|██▉       | 3294/11332 [00:05<00:13, 577.08 examples/s]Generating validation split:  30%|██▉       | 3356/11332 [00:05<00:13, 585.74 examples/s]Generating validation split:  30%|███       | 3425/11332 [00:05<00:13, 606.88 examples/s]Generating validation split:  31%|███       | 3490/11332 [00:05<00:12, 616.25 examples/s]Generating validation split:  31%|███▏      | 3563/11332 [00:06<00:12, 642.92 examples/s]Generating validation split:  32%|███▏      | 3651/11332 [00:06<00:12, 613.40 examples/s]Generating validation split:  33%|███▎      | 3730/11332 [00:06<00:13, 572.11 examples/s]Generating validation split:  34%|███▎      | 3803/11332 [00:06<00:12, 607.86 examples/s]Generating validation split:  34%|███▍      | 3880/11332 [00:06<00:11, 646.16 examples/s]Generating validation split:  35%|███▌      | 3987/11332 [00:06<00:11, 661.36 examples/s]Generating validation split:  36%|███▌      | 4077/11332 [00:06<00:11, 631.29 examples/s]Generating validation split:  37%|███▋      | 4168/11332 [00:06<00:11, 612.47 examples/s]Generating validation split:  37%|███▋      | 4247/11332 [00:07<00:10, 652.38 examples/s]Generating validation split:  38%|███▊      | 4316/11332 [00:07<00:10, 655.44 examples/s]Generating validation split:  39%|███▊      | 4387/11332 [00:07<00:10, 668.36 examples/s]Generating validation split:  39%|███▉      | 4458/11332 [00:07<00:10, 671.27 examples/s]Generating validation split:  40%|███▉      | 4526/11332 [00:07<00:10, 670.08 examples/s]Generating validation split:  41%|████      | 4603/11332 [00:07<00:09, 694.10 examples/s]Generating validation split:  41%|████▏     | 4685/11332 [00:07<00:09, 724.60 examples/s]Generating validation split:  42%|████▏     | 4812/11332 [00:07<00:08, 762.40 examples/s]Generating validation split:  43%|████▎     | 4926/11332 [00:08<00:08, 754.14 examples/s]Generating validation split:  44%|████▍     | 5040/11332 [00:08<00:08, 740.50 examples/s]Generating validation split:  45%|████▌     | 5126/11332 [00:08<00:09, 679.43 examples/s]Generating validation split:  46%|████▌     | 5207/11332 [00:08<00:08, 705.94 examples/s]Generating validation split:  47%|████▋     | 5308/11332 [00:08<00:08, 692.62 examples/s]Generating validation split:  48%|████▊     | 5406/11332 [00:08<00:07, 756.69 examples/s]Generating validation split:  49%|████▊     | 5514/11332 [00:08<00:07, 735.86 examples/s]Generating validation split:  49%|████▉     | 5607/11332 [00:08<00:08, 697.53 examples/s]Generating validation split:  50%|█████     | 5708/11332 [00:09<00:08, 683.63 examples/s]Generating validation split:  51%|█████▏    | 5816/11332 [00:09<00:07, 690.75 examples/s]Generating validation split:  52%|█████▏    | 5903/11332 [00:09<00:07, 729.73 examples/s]Generating validation split:  53%|█████▎    | 6000/11332 [00:09<00:07, 699.08 examples/s]Generating validation split:  54%|█████▍    | 6096/11332 [00:09<00:07, 677.46 examples/s]Generating validation split:  54%|█████▍    | 6167/11332 [00:09<00:07, 672.97 examples/s]Generating validation split:  55%|█████▌    | 6271/11332 [00:09<00:07, 674.94 examples/s]Generating validation split:  56%|█████▌    | 6345/11332 [00:10<00:07, 687.99 examples/s]Generating validation split:  57%|█████▋    | 6446/11332 [00:10<00:07, 679.90 examples/s]Generating validation split:  58%|█████▊    | 6519/11332 [00:10<00:06, 689.85 examples/s]Generating validation split:  58%|█████▊    | 6590/11332 [00:10<00:06, 692.18 examples/s]Generating validation split:  59%|█████▉    | 6675/11332 [00:10<00:06, 730.73 examples/s]Generating validation split:  60%|█████▉    | 6782/11332 [00:10<00:06, 718.14 examples/s]Generating validation split:  61%|██████    | 6891/11332 [00:10<00:06, 714.33 examples/s]Generating validation split:  62%|██████▏   | 6991/11332 [00:10<00:06, 680.11 examples/s]Generating validation split:  63%|██████▎   | 7091/11332 [00:11<00:06, 668.22 examples/s]Generating validation split:  63%|██████▎   | 7162/11332 [00:11<00:06, 676.43 examples/s]Generating validation split:  64%|██████▍   | 7241/11332 [00:11<00:05, 702.43 examples/s]Generating validation split:  65%|██████▍   | 7336/11332 [00:11<00:05, 676.93 examples/s]Generating validation split:  66%|██████▌   | 7438/11332 [00:11<00:05, 673.13 examples/s]Generating validation split:  66%|██████▋   | 7533/11332 [00:11<00:05, 652.73 examples/s]Generating validation split:  67%|██████▋   | 7602/11332 [00:11<00:05, 655.45 examples/s]Generating validation split:  68%|██████▊   | 7671/11332 [00:12<00:05, 661.80 examples/s]Generating validation split:  69%|██████▊   | 7766/11332 [00:12<00:05, 647.31 examples/s]Generating validation split:  69%|██████▉   | 7849/11332 [00:12<00:05, 688.61 examples/s]Generating validation split:  70%|███████   | 7944/11332 [00:12<00:05, 663.68 examples/s]Generating validation split:  71%|███████   | 8045/11332 [00:12<00:04, 664.06 examples/s]Generating validation split:  72%|███████▏  | 8131/11332 [00:12<00:04, 707.48 examples/s]Generating validation split:  73%|███████▎  | 8217/11332 [00:12<00:04, 737.54 examples/s]Generating validation split:  73%|███████▎  | 8321/11332 [00:12<00:04, 713.13 examples/s]Generating validation split:  74%|███████▍  | 8396/11332 [00:13<00:04, 720.23 examples/s]Generating validation split:  75%|███████▍  | 8495/11332 [00:13<00:04, 697.69 examples/s]Generating validation split:  76%|███████▌  | 8592/11332 [00:13<00:04, 674.48 examples/s]Generating validation split:  76%|███████▋  | 8667/11332 [00:13<00:03, 686.57 examples/s]Generating validation split:  77%|███████▋  | 8746/11332 [00:13<00:03, 709.40 examples/s]Generating validation split:  78%|███████▊  | 8829/11332 [00:13<00:03, 737.97 examples/s]Generating validation split:  79%|███████▊  | 8923/11332 [00:13<00:03, 790.87 examples/s]Generating validation split:  80%|███████▉  | 9038/11332 [00:13<00:03, 758.71 examples/s]Generating validation split:  80%|████████  | 9116/11332 [00:14<00:02, 758.88 examples/s]Generating validation split:  81%|████████▏ | 9214/11332 [00:14<00:03, 690.91 examples/s]Generating validation split:  82%|████████▏ | 9311/11332 [00:14<00:03, 574.17 examples/s]Generating validation split:  83%|████████▎ | 9383/11332 [00:14<00:03, 599.72 examples/s]Generating validation split:  83%|████████▎ | 9452/11332 [00:14<00:03, 613.43 examples/s]Generating validation split:  84%|████████▍ | 9523/11332 [00:14<00:02, 635.31 examples/s]Generating validation split:  85%|████████▍ | 9599/11332 [00:14<00:02, 664.73 examples/s]Generating validation split:  86%|████████▌ | 9707/11332 [00:14<00:02, 676.52 examples/s]Generating validation split:  87%|████████▋ | 9806/11332 [00:15<00:02, 665.48 examples/s]Generating validation split:  87%|████████▋ | 9908/11332 [00:15<00:02, 666.66 examples/s]Generating validation split:  88%|████████▊ | 9982/11332 [00:15<00:01, 681.67 examples/s]Generating validation split:  89%|████████▊ | 10053/11332 [00:15<00:01, 681.32 examples/s]Generating validation split:  90%|████████▉ | 10165/11332 [00:15<00:01, 701.45 examples/s]Generating validation split:  90%|█████████ | 10243/11332 [00:15<00:01, 718.22 examples/s]Generating validation split:  91%|█████████ | 10317/11332 [00:15<00:01, 720.88 examples/s]Generating validation split:  92%|█████████▏| 10396/11332 [00:15<00:01, 733.22 examples/s]Generating validation split:  92%|█████████▏| 10479/11332 [00:16<00:01, 758.67 examples/s]Generating validation split:  93%|█████████▎| 10574/11332 [00:16<00:01, 703.88 examples/s]Generating validation split:  94%|█████████▍| 10677/11332 [00:16<00:00, 693.74 examples/s]Generating validation split:  95%|█████████▌| 10776/11332 [00:16<00:00, 678.70 examples/s]Generating validation split:  96%|█████████▌| 10845/11332 [00:16<00:00, 673.86 examples/s]Generating validation split:  96%|█████████▋| 10927/11332 [00:16<00:00, 706.76 examples/s]Generating validation split:  97%|█████████▋| 11023/11332 [00:16<00:00, 678.25 examples/s]Generating validation split:  98%|█████████▊| 11123/11332 [00:17<00:00, 667.75 examples/s]Generating validation split:  99%|█████████▉| 11191/11332 [00:17<00:00, 667.55 examples/s]Generating validation split:  99%|█████████▉| 11263/11332 [00:17<00:00, 677.47 examples/s]Generating validation split: 100%|██████████| 11332/11332 [00:17<00:00, 651.53 examples/s]
Generating test split:   0%|          | 0/11334 [00:00<?, ? examples/s]Generating test split:   0%|          | 45/11334 [00:00<00:27, 412.63 examples/s]Generating test split:   1%|          | 112/11334 [00:00<00:20, 547.72 examples/s]Generating test split:   2%|▏         | 179/11334 [00:00<00:19, 586.90 examples/s]Generating test split:   2%|▏         | 247/11334 [00:00<00:18, 615.23 examples/s]Generating test split:   3%|▎         | 323/11334 [00:00<00:16, 659.47 examples/s]Generating test split:   3%|▎         | 395/11334 [00:00<00:16, 672.50 examples/s]Generating test split:   4%|▍         | 474/11334 [00:00<00:15, 700.33 examples/s]Generating test split:   5%|▍         | 562/11334 [00:00<00:16, 649.94 examples/s]Generating test split:   6%|▌         | 653/11334 [00:00<00:14, 717.35 examples/s]Generating test split:   7%|▋         | 743/11334 [00:01<00:15, 665.47 examples/s]Generating test split:   7%|▋         | 822/11334 [00:01<00:15, 696.17 examples/s]Generating test split:   8%|▊         | 919/11334 [00:01<00:15, 669.12 examples/s]Generating test split:   9%|▉         | 1000/11334 [00:01<00:15, 685.97 examples/s]Generating test split:  10%|▉         | 1083/11334 [00:01<00:14, 714.10 examples/s]Generating test split:  11%|█         | 1196/11334 [00:01<00:14, 719.86 examples/s]Generating test split:  11%|█▏        | 1276/11334 [00:01<00:13, 738.65 examples/s]Generating test split:  12%|█▏        | 1373/11334 [00:02<00:14, 697.74 examples/s]Generating test split:  13%|█▎        | 1452/11334 [00:02<00:13, 718.60 examples/s]Generating test split:  14%|█▎        | 1552/11334 [00:02<00:14, 689.65 examples/s]Generating test split:  14%|█▍        | 1623/11334 [00:02<00:14, 688.17 examples/s]Generating test split:  15%|█▍        | 1698/11334 [00:02<00:13, 695.85 examples/s]Generating test split:  16%|█▌        | 1779/11334 [00:02<00:13, 723.71 examples/s]Generating test split:  16%|█▋        | 1861/11334 [00:02<00:14, 655.54 examples/s]Generating test split:  17%|█▋        | 1943/11334 [00:02<00:13, 694.35 examples/s]Generating test split:  18%|█▊        | 2020/11334 [00:02<00:13, 714.02 examples/s]Generating test split:  18%|█▊        | 2094/11334 [00:03<00:12, 716.19 examples/s]Generating test split:  19%|█▉        | 2179/11334 [00:03<00:12, 747.60 examples/s]Generating test split:  20%|██        | 2278/11334 [00:03<00:12, 706.91 examples/s]Generating test split:  21%|██        | 2377/11334 [00:03<00:13, 687.72 examples/s]Generating test split:  22%|██▏       | 2472/11334 [00:03<00:13, 661.30 examples/s]Generating test split:  23%|██▎       | 2560/11334 [00:03<00:12, 708.81 examples/s]Generating test split:  23%|██▎       | 2657/11334 [00:03<00:12, 683.25 examples/s]Generating test split:  24%|██▍       | 2754/11334 [00:04<00:12, 666.20 examples/s]Generating test split:  25%|██▍       | 2832/11334 [00:04<00:12, 688.29 examples/s]Generating test split:  26%|██▌       | 2936/11334 [00:04<00:12, 687.47 examples/s]Generating test split:  27%|██▋       | 3009/11334 [00:04<00:12, 691.59 examples/s]Generating test split:  27%|██▋       | 3084/11334 [00:04<00:11, 702.98 examples/s]Generating test split:  28%|██▊       | 3164/11334 [00:04<00:11, 718.27 examples/s]Generating test split:  29%|██▉       | 3269/11334 [00:04<00:11, 702.96 examples/s]Generating test split:  29%|██▉       | 3343/11334 [00:04<00:11, 708.52 examples/s]Generating test split:  30%|███       | 3450/11334 [00:05<00:11, 703.20 examples/s]Generating test split:  31%|███▏      | 3552/11334 [00:05<00:11, 689.41 examples/s]Generating test split:  32%|███▏      | 3623/11334 [00:05<00:11, 693.02 examples/s]Generating test split:  33%|███▎      | 3698/11334 [00:05<00:10, 706.75 examples/s]Generating test split:  33%|███▎      | 3773/11334 [00:05<00:10, 714.44 examples/s]Generating test split:  34%|███▍      | 3886/11334 [00:05<00:10, 718.97 examples/s]Generating test split:  35%|███▌      | 3995/11334 [00:05<00:10, 718.17 examples/s]Generating test split:  36%|███▌      | 4077/11334 [00:05<00:09, 730.12 examples/s]Generating test split:  37%|███▋      | 4170/11334 [00:06<00:10, 681.47 examples/s]Generating test split:  37%|███▋      | 4241/11334 [00:06<00:10, 685.41 examples/s]Generating test split:  38%|███▊      | 4330/11334 [00:06<00:10, 646.96 examples/s]Generating test split:  39%|███▉      | 4411/11334 [00:06<00:10, 681.73 examples/s]Generating test split:  40%|███▉      | 4482/11334 [00:06<00:10, 680.36 examples/s]Generating test split:  40%|████      | 4561/11334 [00:06<00:09, 702.32 examples/s]Generating test split:  41%|████      | 4642/11334 [00:06<00:09, 724.40 examples/s]Generating test split:  42%|████▏     | 4748/11334 [00:06<00:09, 710.18 examples/s]Generating test split:  43%|████▎     | 4826/11334 [00:06<00:09, 722.01 examples/s]Generating test split:  43%|████▎     | 4906/11334 [00:07<00:08, 737.17 examples/s]Generating test split:  44%|████▍     | 5014/11334 [00:07<00:08, 728.43 examples/s]Generating test split:  45%|████▍     | 5095/11334 [00:07<00:08, 747.56 examples/s]Generating test split:  46%|████▌     | 5195/11334 [00:07<00:08, 712.25 examples/s]Generating test split:  47%|████▋     | 5278/11334 [00:07<00:08, 739.26 examples/s]Generating test split:  47%|████▋     | 5359/11334 [00:07<00:08, 744.85 examples/s]Generating test split:  48%|████▊     | 5457/11334 [00:07<00:08, 702.68 examples/s]Generating test split:  49%|████▉     | 5539/11334 [00:07<00:07, 727.06 examples/s]Generating test split:  50%|████▉     | 5635/11334 [00:08<00:08, 692.89 examples/s]Generating test split:  51%|█████     | 5739/11334 [00:08<00:08, 688.70 examples/s]Generating test split:  51%|█████▏    | 5837/11334 [00:08<00:08, 672.23 examples/s]Generating test split:  52%|█████▏    | 5911/11334 [00:08<00:07, 685.02 examples/s]Generating test split:  53%|█████▎    | 5983/11334 [00:08<00:07, 692.93 examples/s]Generating test split:  53%|█████▎    | 6057/11334 [00:08<00:07, 698.78 examples/s]Generating test split:  54%|█████▍    | 6158/11334 [00:08<00:06, 776.42 examples/s]Generating test split:  55%|█████▌    | 6268/11334 [00:08<00:06, 747.95 examples/s]Generating test split:  56%|█████▌    | 6348/11334 [00:09<00:06, 760.61 examples/s]Generating test split:  57%|█████▋    | 6454/11334 [00:09<00:06, 739.23 examples/s]Generating test split:  58%|█████▊    | 6550/11334 [00:09<00:06, 701.93 examples/s]Generating test split:  58%|█████▊    | 6627/11334 [00:09<00:06, 716.09 examples/s]Generating test split:  59%|█████▉    | 6703/11334 [00:09<00:06, 724.98 examples/s]Generating test split:  60%|█████▉    | 6796/11334 [00:09<00:06, 682.80 examples/s]Generating test split:  61%|██████    | 6879/11334 [00:09<00:06, 710.86 examples/s]Generating test split:  61%|██████▏   | 6957/11334 [00:09<00:06, 725.54 examples/s]Generating test split:  62%|██████▏   | 7038/11334 [00:10<00:05, 746.21 examples/s]Generating test split:  63%|██████▎   | 7161/11334 [00:10<00:05, 761.23 examples/s]Generating test split:  64%|██████▍   | 7266/11334 [00:10<00:05, 728.71 examples/s]Generating test split:  65%|██████▌   | 7370/11334 [00:10<00:05, 712.58 examples/s]Generating test split:  66%|██████▌   | 7464/11334 [00:10<00:05, 678.37 examples/s]Generating test split:  67%|██████▋   | 7539/11334 [00:10<00:05, 691.92 examples/s]Generating test split:  67%|██████▋   | 7634/11334 [00:10<00:05, 669.36 examples/s]Generating test split:  68%|██████▊   | 7709/11334 [00:11<00:05, 685.10 examples/s]Generating test split:  69%|██████▊   | 7787/11334 [00:11<00:05, 703.64 examples/s]Generating test split:  70%|██████▉   | 7890/11334 [00:11<00:04, 693.26 examples/s]Generating test split:  71%|███████   | 7994/11334 [00:11<00:04, 674.02 examples/s]Generating test split:  71%|███████▏  | 8084/11334 [00:11<00:05, 641.72 examples/s]Generating test split:  72%|███████▏  | 8159/11334 [00:11<00:04, 664.93 examples/s]Generating test split:  73%|███████▎  | 8228/11334 [00:11<00:04, 666.46 examples/s]Generating test split:  73%|███████▎  | 8326/11334 [00:11<00:04, 645.05 examples/s]Generating test split:  74%|███████▍  | 8398/11334 [00:12<00:04, 658.65 examples/s]Generating test split:  75%|███████▍  | 8469/11334 [00:12<00:04, 589.37 examples/s]Generating test split:  75%|███████▌  | 8545/11334 [00:12<00:04, 627.43 examples/s]Generating test split:  76%|███████▌  | 8635/11334 [00:12<00:03, 691.91 examples/s]Generating test split:  77%|███████▋  | 8710/11334 [00:12<00:03, 706.31 examples/s]Generating test split:  78%|███████▊  | 8807/11334 [00:12<00:03, 682.82 examples/s]Generating test split:  78%|███████▊  | 8884/11334 [00:12<00:03, 694.74 examples/s]Generating test split:  79%|███████▉  | 8979/11334 [00:12<00:03, 670.60 examples/s]Generating test split:  80%|████████  | 9073/11334 [00:13<00:03, 645.64 examples/s]Generating test split:  81%|████████  | 9153/11334 [00:13<00:03, 681.29 examples/s]Generating test split:  81%|████████▏ | 9225/11334 [00:13<00:03, 687.92 examples/s]Generating test split:  82%|████████▏ | 9303/11334 [00:13<00:02, 709.04 examples/s]Generating test split:  83%|████████▎ | 9378/11334 [00:13<00:02, 715.98 examples/s]Generating test split:  84%|████████▎ | 9491/11334 [00:13<00:02, 713.22 examples/s]Generating test split:  85%|████████▍ | 9591/11334 [00:13<00:02, 688.26 examples/s]Generating test split:  85%|████████▌ | 9661/11334 [00:13<00:02, 686.38 examples/s]Generating test split:  86%|████████▌ | 9753/11334 [00:14<00:02, 653.13 examples/s]Generating test split:  87%|████████▋ | 9854/11334 [00:14<00:02, 655.64 examples/s]Generating test split:  88%|████████▊ | 9946/11334 [00:14<00:02, 640.53 examples/s]Generating test split:  89%|████████▊ | 10047/11334 [00:14<00:02, 643.48 examples/s]Generating test split:  89%|████████▉ | 10128/11334 [00:14<00:01, 677.65 examples/s]Generating test split:  90%|█████████ | 10239/11334 [00:14<00:01, 687.79 examples/s]Generating test split:  91%|█████████ | 10309/11334 [00:14<00:01, 689.99 examples/s]Generating test split:  92%|█████████▏| 10395/11334 [00:15<00:01, 646.86 examples/s]Generating test split:  93%|█████████▎| 10485/11334 [00:15<00:01, 623.40 examples/s]Generating test split:  93%|█████████▎| 10571/11334 [00:15<00:01, 674.40 examples/s]Generating test split:  94%|█████████▍| 10647/11334 [00:15<00:00, 690.57 examples/s]Generating test split:  95%|█████████▍| 10725/11334 [00:15<00:00, 708.84 examples/s]Generating test split:  95%|█████████▌| 10801/11334 [00:15<00:00, 708.83 examples/s]Generating test split:  96%|█████████▌| 10873/11334 [00:15<00:00, 710.60 examples/s]Generating test split:  97%|█████████▋| 10988/11334 [00:15<00:00, 720.02 examples/s]Generating test split:  98%|█████████▊| 11066/11334 [00:15<00:00, 734.06 examples/s]Generating test split:  99%|█████████▊| 11167/11334 [00:16<00:00, 706.07 examples/s]Generating test split:  99%|█████████▉| 11248/11334 [00:16<00:00, 729.61 examples/s]Generating test split: 100%|██████████| 11334/11334 [00:16<00:00, 716.97 examples/s]Generating test split: 100%|██████████| 11334/11334 [00:16<00:00, 690.21 examples/s]
truncating documents...: 0it [00:00, ?it/s]truncating documents...: 8it [00:00, 79.86it/s]truncating documents...: 78it [00:00, 442.82it/s]truncating documents...: 162it [00:00, 623.22it/s]truncating documents...: 234it [00:00, 658.72it/s]truncating documents...: 308it [00:00, 685.12it/s]truncating documents...: 388it [00:00, 720.53it/s]truncating documents...: 461it [00:00, 703.33it/s]truncating documents...: 539it [00:00, 723.89it/s]truncating documents...: 620it [00:00, 746.33it/s]truncating documents...: 701it [00:01, 765.38it/s]truncating documents...: 784it [00:01, 781.29it/s]truncating documents...: 863it [00:01, 765.34it/s]truncating documents...: 948it [00:01, 788.54it/s]truncating documents...: 1000it [00:01, 715.47it/s]
Traceback (most recent call last):
  File "/home/woodygan/.conda/envs/dpicl/lib/python3.8/site-packages/huggingface_hub/utils/_errors.py", line 304, in hf_raise_for_status
    response.raise_for_status()
  File "/home/woodygan/.conda/envs/dpicl/lib/python3.8/site-packages/requests/models.py", line 1024, in raise_for_status
    raise HTTPError(http_error_msg, response=self)
requests.exceptions.HTTPError: 403 Client Error: Forbidden for url: https://huggingface.co/meta-llama/Meta-Llama-3.1-8B-Instruct/resolve/main/config.json

The above exception was the direct cause of the following exception:

Traceback (most recent call last):
  File "/home/woodygan/.conda/envs/dpicl/lib/python3.8/site-packages/transformers/utils/hub.py", line 402, in cached_file
    resolved_file = hf_hub_download(
  File "/home/woodygan/.conda/envs/dpicl/lib/python3.8/site-packages/huggingface_hub/utils/_deprecation.py", line 101, in inner_f
    return f(*args, **kwargs)
  File "/home/woodygan/.conda/envs/dpicl/lib/python3.8/site-packages/huggingface_hub/utils/_validators.py", line 114, in _inner_fn
    return fn(*args, **kwargs)
  File "/home/woodygan/.conda/envs/dpicl/lib/python3.8/site-packages/huggingface_hub/file_download.py", line 1240, in hf_hub_download
    return _hf_hub_download_to_cache_dir(
  File "/home/woodygan/.conda/envs/dpicl/lib/python3.8/site-packages/huggingface_hub/file_download.py", line 1347, in _hf_hub_download_to_cache_dir
    _raise_on_head_call_error(head_call_error, force_download, local_files_only)
  File "/home/woodygan/.conda/envs/dpicl/lib/python3.8/site-packages/huggingface_hub/file_download.py", line 1855, in _raise_on_head_call_error
    raise head_call_error
  File "/home/woodygan/.conda/envs/dpicl/lib/python3.8/site-packages/huggingface_hub/file_download.py", line 1752, in _get_metadata_or_catch_error
    metadata = get_hf_file_metadata(
  File "/home/woodygan/.conda/envs/dpicl/lib/python3.8/site-packages/huggingface_hub/utils/_validators.py", line 114, in _inner_fn
    return fn(*args, **kwargs)
  File "/home/woodygan/.conda/envs/dpicl/lib/python3.8/site-packages/huggingface_hub/file_download.py", line 1674, in get_hf_file_metadata
    r = _request_wrapper(
  File "/home/woodygan/.conda/envs/dpicl/lib/python3.8/site-packages/huggingface_hub/file_download.py", line 376, in _request_wrapper
    response = _request_wrapper(
  File "/home/woodygan/.conda/envs/dpicl/lib/python3.8/site-packages/huggingface_hub/file_download.py", line 400, in _request_wrapper
    hf_raise_for_status(response)
  File "/home/woodygan/.conda/envs/dpicl/lib/python3.8/site-packages/huggingface_hub/utils/_errors.py", line 321, in hf_raise_for_status
    raise GatedRepoError(message, response) from e
huggingface_hub.utils._errors.GatedRepoError: 403 Client Error. (Request ID: Root=1-66e755e1-043fe78f2432f2fb249b9a9a;83b389e4-c526-4498-95fa-88c5e658acf1)

Cannot access gated repo for url https://huggingface.co/meta-llama/Meta-Llama-3.1-8B-Instruct/resolve/main/config.json.
Access to model meta-llama/Meta-Llama-3.1-8B-Instruct is restricted and you are not in the authorized list. Visit https://huggingface.co/meta-llama/Meta-Llama-3.1-8B-Instruct to ask for access.

The above exception was the direct cause of the following exception:

Traceback (most recent call last):
  File "dpicl.py", line 220, in <module>
    pipeline = transformers.pipeline(
  File "/home/woodygan/.conda/envs/dpicl/lib/python3.8/site-packages/transformers/pipelines/__init__.py", line 805, in pipeline
    config = AutoConfig.from_pretrained(
  File "/home/woodygan/.conda/envs/dpicl/lib/python3.8/site-packages/transformers/models/auto/configuration_auto.py", line 976, in from_pretrained
    config_dict, unused_kwargs = PretrainedConfig.get_config_dict(pretrained_model_name_or_path, **kwargs)
  File "/home/woodygan/.conda/envs/dpicl/lib/python3.8/site-packages/transformers/configuration_utils.py", line 632, in get_config_dict
    config_dict, kwargs = cls._get_config_dict(pretrained_model_name_or_path, **kwargs)
  File "/home/woodygan/.conda/envs/dpicl/lib/python3.8/site-packages/transformers/configuration_utils.py", line 689, in _get_config_dict
    resolved_config_file = cached_file(
  File "/home/woodygan/.conda/envs/dpicl/lib/python3.8/site-packages/transformers/utils/hub.py", line 420, in cached_file
    raise EnvironmentError(
OSError: You are trying to access a gated repo.
Make sure to have access to it at https://huggingface.co/meta-llama/Meta-Llama-3.1-8B-Instruct.
403 Client Error. (Request ID: Root=1-66e755e1-043fe78f2432f2fb249b9a9a;83b389e4-c526-4498-95fa-88c5e658acf1)

Cannot access gated repo for url https://huggingface.co/meta-llama/Meta-Llama-3.1-8B-Instruct/resolve/main/config.json.
Access to model meta-llama/Meta-Llama-3.1-8B-Instruct is restricted and you are not in the authorized list. Visit https://huggingface.co/meta-llama/Meta-Llama-3.1-8B-Instruct to ask for access.
